16:43:00.927 [main] INFO  testCases.TC_001_AccountRegistrationTest - ***Starting TC_001_AccountRegistrationTest***
16:43:01.142 [main] INFO  testCases.TC_001_AccountRegistrationTest - Clicked on My account link
16:43:02.012 [main] INFO  testCases.TC_001_AccountRegistrationTest - Clicked on register link
16:43:02.015 [main] INFO  testCases.TC_001_AccountRegistrationTest - Providing customer data
16:43:02.511 [main] INFO  testCases.TC_001_AccountRegistrationTest - Clicked on continue
16:43:04.575 [main] INFO  testCases.TC_001_AccountRegistrationTest - ***Finished TC_001_AccountRegistrationTest***
16:43:08.960 [main] INFO  testCases.TC_002_LoginTest - Starting TC_002_LoginTest
16:43:11.039 [main] INFO  testCases.TC_002_LoginTest -  Finished TC_002_LoginTest
16:43:15.342 [main] INFO  testCases.TC_003_LogoutTest - Starting TC_003_LogoutTest
16:43:16.026 [main] ERROR testCases.TC_003_LogoutTest - test failed
16:43:16.026 [main] INFO  testCases.TC_003_LogoutTest - Finished TC_003_LogoutTest
16:51:10.109 [main] INFO  testCases.TC_001_AccountRegistrationTest - ***Starting TC_001_AccountRegistrationTest***
16:51:10.244 [main] INFO  testCases.TC_001_AccountRegistrationTest - Clicked on My account link
16:51:10.912 [main] INFO  testCases.TC_001_AccountRegistrationTest - Clicked on register link
16:51:10.919 [main] INFO  testCases.TC_001_AccountRegistrationTest - Providing customer data
16:51:11.420 [main] INFO  testCases.TC_001_AccountRegistrationTest - Clicked on continue
16:51:13.503 [main] INFO  testCases.TC_001_AccountRegistrationTest - ***Finished TC_001_AccountRegistrationTest***
16:51:17.809 [main] INFO  testCases.TC_002_LoginTest - Starting TC_002_LoginTest
16:51:20.379 [main] INFO  testCases.TC_002_LoginTest -  Finished TC_002_LoginTest
16:51:24.967 [main] INFO  testCases.TC_003_LogoutTest - Starting TC_003_LogoutTest
16:51:26.008 [main] ERROR testCases.TC_003_LogoutTest - test failed
16:51:26.008 [main] INFO  testCases.TC_003_LogoutTest - Finished TC_003_LogoutTest
17:02:21.037 [main] INFO  testCases.TC_002_LoginTest - Starting TC_002_LoginTest
17:02:24.310 [main] INFO  testCases.TC_002_LoginTest -  Finished TC_002_LoginTest
17:02:30.890 [main] INFO  testCases.TC_003_LogoutTest - Starting TC_003_LogoutTest
17:02:32.244 [main] ERROR testCases.TC_003_LogoutTest - test failed
17:02:32.245 [main] INFO  testCases.TC_003_LogoutTest - Finished TC_003_LogoutTest
17:02:38.081 [main] INFO  testCases.TC_001_AccountRegistrationTest - ***Starting TC_001_AccountRegistrationTest***
17:02:38.168 [main] INFO  testCases.TC_001_AccountRegistrationTest - Clicked on My account link
17:02:38.999 [main] INFO  testCases.TC_001_AccountRegistrationTest - Clicked on register link
17:02:39.003 [main] INFO  testCases.TC_001_AccountRegistrationTest - Providing customer data
17:02:39.598 [main] INFO  testCases.TC_001_AccountRegistrationTest - Clicked on continue
17:02:41.823 [main] INFO  testCases.TC_001_AccountRegistrationTest - ***Finished TC_001_AccountRegistrationTest***
